<?xml version="1.0" encoding="UTF-8"?>
<testng-results ignored="0" total="2" passed="2" failed="0" skipped="0">
  <reporter-output>
  </reporter-output>
  <suite started-at="2025-07-17T21:55:39 SAST" name="Surefire suite" finished-at="2025-07-17T21:55:39 SAST" duration-ms="184">
    <groups>
    </groups>
    <test started-at="2025-07-17T21:55:39 SAST" name="Surefire test" finished-at="2025-07-17T21:55:39 SAST" duration-ms="184">
      <class name="com.madhu.AppTest">
        <test-method signature="testlogin1()[pri:0, instance:com.madhu.AppTest@79ad8b2f]" started-at="2025-07-17T21:55:39 SAST" name="testlogin1" finished-at="2025-07-17T21:55:39 SAST" duration-ms="62" status="PASS">
          <reporter-output>
          </reporter-output>
        </test-method> <!-- testlogin1 -->
        <test-method signature="testlogin2()[pri:0, instance:com.madhu.AppTest@79ad8b2f]" started-at="2025-07-17T21:55:39 SAST" name="testlogin2" finished-at="2025-07-17T21:55:39 SAST" duration-ms="2" status="PASS">
          <reporter-output>
          </reporter-output>
        </test-method> <!-- testlogin2 -->
      </class> <!-- com.madhu.AppTest -->
    </test> <!-- Surefire test -->
  </suite> <!-- Surefire suite -->
</testng-results>
