<?xml version="1.0" encoding="UTF-8"?>
<testng-results ignored="0" total="2" passed="2" failed="0" skipped="0">
  <reporter-output>
  </reporter-output>
  <suite started-at="2025-07-17T11:30:53 SAST" name="Default suite" finished-at="2025-07-17T11:30:53 SAST" duration-ms="196">
    <groups>
    </groups>
    <test started-at="2025-07-17T11:30:53 SAST" name="Default test" finished-at="2025-07-17T11:30:53 SAST" duration-ms="196">
      <class name="com.madhu.AppTest">
        <test-method signature="testlogin1()[pri:0, instance:com.madhu.AppTest@dd8ba08]" started-at="2025-07-17T11:30:53 SAST" name="testlogin1" finished-at="2025-07-17T11:30:53 SAST" duration-ms="45" status="PASS">
          <reporter-output>
          </reporter-output>
        </test-method> <!-- testlogin1 -->
        <test-method signature="testlogin2()[pri:0, instance:com.madhu.AppTest@dd8ba08]" started-at="2025-07-17T11:30:53 SAST" name="testlogin2" finished-at="2025-07-17T11:30:53 SAST" duration-ms="4" status="PASS">
          <reporter-output>
          </reporter-output>
        </test-method> <!-- testlogin2 -->
      </class> <!-- com.madhu.AppTest -->
    </test> <!-- Default test -->
  </suite> <!-- Default suite -->
</testng-results>
